Performing C++ SOURCE FILE Test CMAKE_HAVE_LIBC_PTHREAD failed with the following output:
Change Dir: /home/zackashm/geantstuff/zack/Projects/ACE4Sim/build/CMakeFiles/CMakeTmp

Run Build Command(s):/opt/rh/devtoolset-8/root/usr/bin/gmake cmTC_2e5fc/fast && gmake[1]: Entering directory '/home/zackashm/geantstuff/zack/Projects/ACE4Sim/build/CMakeFiles/CMakeTmp'
/opt/rh/devtoolset-8/root/usr/bin/gmake  -f CMakeFiles/cmTC_2e5fc.dir/build.make CMakeFiles/cmTC_2e5fc.dir/build
gmake[2]: Entering directory '/home/zackashm/geantstuff/zack/Projects/ACE4Sim/build/CMakeFiles/CMakeTmp'
Building CXX object CMakeFiles/cmTC_2e5fc.dir/src.cxx.o
/opt/rh/devtoolset-8/root/usr/bin/c++    -DCMAKE_HAVE_LIBC_PTHREAD   -std=gnu++17 -o CMakeFiles/cmTC_2e5fc.dir/src.cxx.o -c /home/zackashm/geantstuff/zack/Projects/ACE4Sim/build/CMakeFiles/CMakeTmp/src.cxx
Linking CXX executable cmTC_2e5fc
/usr/bin/cmake3 -E cmake_link_script CMakeFiles/cmTC_2e5fc.dir/link.txt --verbose=1
/opt/rh/devtoolset-8/root/usr/bin/c++   -DCMAKE_HAVE_LIBC_PTHREAD    CMakeFiles/cmTC_2e5fc.dir/src.cxx.o  -o cmTC_2e5fc 
CMakeFiles/cmTC_2e5fc.dir/src.cxx.o: In function `main':
src.cxx:(.text+0x2d): undefined reference to `pthread_create'
src.cxx:(.text+0x39): undefined reference to `pthread_detach'
src.cxx:(.text+0x45): undefined reference to `pthread_cancel'
src.cxx:(.text+0x56): undefined reference to `pthread_join'
src.cxx:(.text+0x6a): undefined reference to `pthread_atfork'
collect2: error: ld returned 1 exit status
gmake[2]: *** [CMakeFiles/cmTC_2e5fc.dir/build.make:107: cmTC_2e5fc] Error 1
gmake[2]: Leaving directory '/home/zackashm/geantstuff/zack/Projects/ACE4Sim/build/CMakeFiles/CMakeTmp'
gmake[1]: *** [Makefile:141: cmTC_2e5fc/fast] Error 2
gmake[1]: Leaving directory '/home/zackashm/geantstuff/zack/Projects/ACE4Sim/build/CMakeFiles/CMakeTmp'


Source file was:
#include <pthread.h>

void* test_func(void* data)
{
  return data;
}

int main(void)
{
  pthread_t thread;
  pthread_create(&thread, NULL, test_func, NULL);
  pthread_detach(thread);
  pthread_cancel(thread);
  pthread_join(thread, NULL);
  pthread_atfork(NULL, NULL, NULL);
  pthread_exit(NULL);

  return 0;
}

